<?xml version="1.0" encoding="UTF-8"?>
<!-- Generated by org.testng.reporters.JUnitReportReporter -->
<testsuite skipped="5" hostname="DESKTOP-2C5L1AE" name="tests.LoginTests" tests="6" failures="0" timestamp="2020-09-06T13:32:00 BRT" time="0.024" errors="1">
  <testcase name="shouldSeeLoginAlerts" time="0.000" classname="tests.LoginTests">
    <skipped/>
  </testcase> <!-- shouldSeeLoginAlerts -->
  <system-out/>
  <testcase name="shouldSeeLoginAlerts" time="0.000" classname="tests.LoginTests">
    <skipped/>
  </testcase> <!-- shouldSeeLoginAlerts -->
  <system-out/>
  <testcase name="shouldSeeLoginAlerts" time="0.000" classname="tests.LoginTests">
    <skipped/>
  </testcase> <!-- shouldSeeLoginAlerts -->
  <system-out/>
  <testcase name="start" time="0.024" classname="tests.LoginTests">
    <error type="java.lang.NumberFormatException" message="For input string: &quot;30000;&quot;">
      <![CDATA[java.lang.NumberFormatException: For input string: "30000;"
at java.lang.NumberFormatException.forInputString(Unknown Source)
at java.lang.Long.parseLong(Unknown Source)
at java.lang.Long.parseLong(Unknown Source)
at common.BaseTest.start(BaseTest.java:41)
at sun.reflect.NativeMethodAccessorImpl.invoke0(Native Method)
at sun.reflect.NativeMethodAccessorImpl.invoke(Unknown Source)
at sun.reflect.DelegatingMethodAccessorImpl.invoke(Unknown Source)
at java.lang.reflect.Method.invoke(Unknown Source)
at org.testng.internal.MethodInvocationHelper.invokeMethod(MethodInvocationHelper.java:132)
at org.testng.internal.MethodInvocationHelper.invokeMethodConsideringTimeout(MethodInvocationHelper.java:61)
at org.testng.internal.ConfigInvoker.invokeConfigurationMethod(ConfigInvoker.java:366)
at org.testng.internal.ConfigInvoker.invokeConfigurations(ConfigInvoker.java:320)
at org.testng.internal.TestInvoker.runConfigMethods(TestInvoker.java:701)
at org.testng.internal.TestInvoker.invokeMethod(TestInvoker.java:527)
at org.testng.internal.TestInvoker.invokeTestMethod(TestInvoker.java:174)
at org.testng.internal.MethodRunner.runInSequence(MethodRunner.java:46)
at org.testng.internal.TestInvoker$MethodInvocationAgent.invoke(TestInvoker.java:822)
at org.testng.internal.TestInvoker.invokeTestMethods(TestInvoker.java:147)
at org.testng.internal.TestMethodWorker.invokeTestMethods(TestMethodWorker.java:146)
at org.testng.internal.TestMethodWorker.run(TestMethodWorker.java:128)
at java.util.ArrayList.forEach(Unknown Source)
at org.testng.TestRunner.privateRun(TestRunner.java:764)
at org.testng.TestRunner.run(TestRunner.java:585)
at org.testng.SuiteRunner.runTest(SuiteRunner.java:384)
at org.testng.SuiteRunner.runSequentially(SuiteRunner.java:378)
at org.testng.SuiteRunner.privateRun(SuiteRunner.java:337)
at org.testng.SuiteRunner.run(SuiteRunner.java:286)
at org.testng.SuiteRunnerWorker.runSuite(SuiteRunnerWorker.java:53)
at org.testng.SuiteRunnerWorker.run(SuiteRunnerWorker.java:96)
at org.testng.TestNG.runSuitesSequentially(TestNG.java:1218)
at org.testng.TestNG.runSuitesLocally(TestNG.java:1140)
at org.testng.TestNG.runSuites(TestNG.java:1069)
at org.testng.TestNG.run(TestNG.java:1037)
at org.testng.remote.AbstractRemoteTestNG.run(AbstractRemoteTestNG.java:115)
at org.testng.remote.RemoteTestNG.initAndRun(RemoteTestNG.java:251)
at org.testng.remote.RemoteTestNG.main(RemoteTestNG.java:77)
]]>
    </error>
  </testcase> <!-- start -->
  <system-out/>
  <testcase name="shouldSeeLoggedUser" time="0.000" classname="tests.LoginTests">
    <skipped/>
  </testcase> <!-- shouldSeeLoggedUser -->
  <system-out/>
  <testcase name="shouldSeeLoginAlerts" time="0.000" classname="tests.LoginTests">
    <skipped/>
  </testcase> <!-- shouldSeeLoginAlerts -->
  <system-out/>
</testsuite> <!-- tests.LoginTests -->
