<?xml version="1.0" encoding="UTF-8"?>
<!-- Generated by org.testng.reporters.JUnitReportReporter -->
<testsuite skipped="0" hostname="DESKTOP-2C5L1AE" name="tests.HelloSelenideTest" tests="1" failures="0" timestamp="2020-09-06T10:01:29 BRT" time="7.916" errors="0">
  <testcase name="OnAir" time="7.916" classname="tests.HelloSelenideTest"/>
  <system-out/>
</testsuite> <!-- tests.HelloSelenideTest -->
